<?xml version="1.0" encoding="UTF-8"?>
<testsuite xmlns:xsi="http://www.w3.org/2001/XMLSchema-instance" xsi:noNamespaceSchemaLocation="https://maven.apache.org/surefire/maven-surefire-plugin/xsd/surefire-test-report.xsd" version="3.0.2" name="com.shuxuejia.managementsystem.ManagementSystemApplicationTests" time="3.045" tests="1" errors="0" skipped="0" failures="0">
  <properties>
[...]
</properties>
  <testcase name="contextLoads" classname="com.shuxuejia.managementsystem.ManagementSystemApplicationTests" time="0.995">
    <system-out><![CDATA[20:40:59.332 [main] INFO org.springframework.test.context.support.AnnotationConfigContextLoaderUtils -- Could not detect default configuration classes for test class [com.shuxuejia.managementsystem.ManagementSystemApplicationTests]: ManagementSystemApplicationTests does not declare any static, non-private, non-final, nested classes annotated with @Configuration.
20:40:59.475 [main] INFO org.springframework.boot.test.context.SpringBootTestContextBootstrapper -- Found @SpringBootConfiguration com.shuxuejia.managementsystem.ManagementSystemApplication for test class com.shuxuejia.managementsystem.ManagementSystemApplicationTests

  .   ____          _            __ _ _
 /\\ / ___'_ __ _ _(_)_ __  __ _ \ \ \ \
( ( )\___ | '_ | '_| | '_ \/ _` | \ \ \ \
 \\/  ___)| |_)| | | | | || (_| |  ) ) ) )
  '  |____| .__|_| |_|_| |_\__, | / / / /
 =========|_|==============|___/=/_/_/_/

 :: Spring Boot ::                (v3.5.7)

2025-10-30T20:40:59.923+08:00  INFO 31156 --- [ManagementSystem] [           main] c.s.m.ManagementSystemApplicationTests   : Starting ManagementSystemApplicationTests using Java 17 with PID 31156 (started by HUAWEI in D:\IDEAtest\ManagementSystem)
2025-10-30T20:40:59.925+08:00  INFO 31156 --- [ManagementSystem] [           main] c.s.m.ManagementSystemApplicationTests   : No active profile set, falling back to 1 default profile: "default"
MyMvcConfig 被实例化了！
2025-10-30T20:41:00.932+08:00  INFO 31156 --- [ManagementSystem] [           main] o.s.b.a.w.s.WelcomePageHandlerMapping    : Adding welcome page template: index
2025-10-30T20:41:01.206+08:00  INFO 31156 --- [ManagementSystem] [           main] c.s.m.ManagementSystemApplicationTests   : Started ManagementSystemApplicationTests in 1.567 seconds (process running for 3.426)
]]></system-out>
  </testcase>
</testsuite>